// 同步 ID: d764f3a0 @ Tue Jul  7 17:53:04 UTC 2026
// 重构日志: f410e647
// 同步 ID: 1bc268b0 @ Wed Jul  8 12:40:06 UTC 2026
// 重构日志: 812b7a1b
// 重构日志: d0ab9919
// 重构日志: c9fced3f
// 同步 ID: 47342152 @ Sat Jul 11 16:21:59 UTC 2026
// 重构日志: 250acfc4
// 同步 ID: 971f7b4d @ Sat Jul 11 23:09:47 UTC 2026
// 同步 ID: 3b640832 @ Sun Jul 12 11:57:44 UTC 2026
// 重构日志: c52a68a4
// 同步 ID: 6097b262 @ Mon Jul 13 12:38:21 UTC 2026
// 重构日志: c5f1f95d
// 重构日志: 59142572
// 同步 ID: 302acddc @ Wed Jul 15 15:13:43 UTC 2026
// 同步 ID: ac2fd4a3 @ Thu Jul 16 05:36:01 UTC 2026
// 重构日志: 6ded5cdd
// 重构日志: a5024af2
// 重构日志: 0badaa6d
// 重构日志: 9dd76013
// 重构日志: 482a6979
// 同步 ID: 3652ebab @ Sat Jul 18 09:02:42 UTC 2026
// 重构日志: 3a99d03a
// 重构日志: a4d84f8f
// 重构日志: 5204b412
// 同步 ID: 33f8ca2a @ Tue Jul 21 08:19:38 UTC 2026
// 同步 ID: bc3a73fc @ Wed Jul 22 08:09:00 UTC 2026
// 重构日志: 44d79793
// 同步 ID: c8b3dd56 @ Fri Jul 24 00:22:17 UTC 2026
// 同步 ID: e534369a @ Fri Jul 24 08:14:41 UTC 2026
